[INFO] Running command /Users/karthikrk/infer-osx-v0.7.0/infer/bin/infer -- ./gradlew clean
[INFO] Path to infer script /Users/karthikrk/infer-osx-v0.7.0/infer/bin/infer (/Users/karthikrk/infer-osx-v0.7.0/infer/lib/python/infer)
[INFO] Infer version v0.7.0
Copyright 2009 - present Facebook. All Rights Reserved.


[INFO] Platform: Darwin-15.3.0-x86_64-i386-64bit
[INFO] PATH=/Users/karthikrk/infer-osx-v0.7.0/infer/bin:/Users/karthikrk/.opam/4.02.3/bin:/usr/local/bin:/usr/bin:/bin:/usr/sbin:/sbin
[INFO] SHELL=/bin/bash
[INFO] PWD=/Users/karthikrk/Documents/Recreational-Stuff/personal-work/Experimental-stuff-Android/AnimationsDemo/mobile/src/main/java/com/karthik/imager
[INFO] Running with:
calling ./gradlew --version failed
Traceback (most recent call last):
  File "/Users/karthikrk/infer-osx-v0.7.0/infer/lib/python/inferlib/capture/util.py", line 52, in run_cmd_ignore_fail
    return subprocess.check_output(cmd, stderr=subprocess.STDOUT)
  File "/System/Library/Frameworks/Python.framework/Versions/2.7/lib/python2.7/subprocess.py", line 566, in check_output
    process = Popen(stdout=PIPE, *popenargs, **kwargs)
  File "/System/Library/Frameworks/Python.framework/Versions/2.7/lib/python2.7/subprocess.py", line 710, in __init__
    errread, errwrite)
  File "/System/Library/Frameworks/Python.framework/Versions/2.7/lib/python2.7/subprocess.py", line 1335, in _execute_child
    raise child_exception
OSError: [Errno 2] No such file or directory

