[INFO] Running command /Users/karthikrk/infer-osx-v0.7.0/infer/bin/infer -- ./gradlew build
[INFO] Path to infer script /Users/karthikrk/infer-osx-v0.7.0/infer/bin/infer (/Users/karthikrk/infer-osx-v0.7.0/infer/lib/python/infer)
[INFO] Infer version v0.7.0
Copyright 2009 - present Facebook. All Rights Reserved.


[INFO] Platform: Darwin-15.3.0-x86_64-i386-64bit
[INFO] PATH=/Users/karthikrk/infer-osx-v0.7.0/infer/bin:/Users/karthikrk/.opam/4.02.3/bin:/usr/local/bin:/usr/bin:/bin:/usr/sbin:/sbin
[INFO] SHELL=/bin/bash
[INFO] PWD=/Users/karthikrk/Documents/Recreational-Stuff/personal-work/Experimental-stuff-Android/AnimationsDemo
[INFO] Running with:

------------------------------------------------------------
Gradle 2.8
------------------------------------------------------------

Build time:   2015-10-20 03:46:36 UTC
Build number: none
Revision:     b463d7980c40d44c4657dc80025275b84a29e31f

Groovy:       2.4.4
Ant:          Apache Ant(TM) version 1.9.3 compiled on December 23 2013
JVM:          1.7.0_80 (Oracle Corporation 24.80-b11)
OS:           Mac OS X 10.11.3 x86_64


[INFO] Capture phase was successful
[INFO] Starting analysis
